c:\users\sruthi guvvala\desktop\project4sub\coderepository\stringserver\debug\vc140.pdb
c:\users\sruthi guvvala\desktop\project4sub\coderepository\stringserver\debug\vc140.idb
c:\users\sruthi guvvala\desktop\project4sub\coderepository\stringserver\debug\filemanager.obj
c:\users\sruthi guvvala\desktop\project4sub\coderepository\stringserver\debug\filesystem.obj
c:\users\sruthi guvvala\desktop\project4sub\coderepository\stringserver\debug\cpp11-blockingqueue.obj
c:\users\sruthi guvvala\desktop\project4sub\coderepository\stringserver\debug\logger.obj
c:\users\sruthi guvvala\desktop\project4sub\coderepository\stringserver\debug\repository.obj
c:\users\sruthi guvvala\desktop\project4sub\coderepository\stringserver\debug\sockets.obj
c:\users\sruthi guvvala\desktop\project4sub\coderepository\stringserver\debug\utilities.obj
c:\users\sruthi guvvala\desktop\project4sub\coderepository\stringserver\debug\stringserver.obj
c:\users\sruthi guvvala\desktop\project4sub\coderepository\debug\stringserver.ilk
c:\users\sruthi guvvala\desktop\project4sub\coderepository\debug\stringserver.exe
c:\users\sruthi guvvala\desktop\project4sub\coderepository\debug\stringserver.pdb
c:\users\sruthi guvvala\desktop\project4sub\coderepository\stringserver\debug\stringserver.vcxprojresolveassemblyreference.cache
c:\users\sruthi guvvala\desktop\project4sub\coderepository\stringserver\debug\stringserver.tlog\cl.command.1.tlog
c:\users\sruthi guvvala\desktop\project4sub\coderepository\stringserver\debug\stringserver.tlog\cl.read.1.tlog
c:\users\sruthi guvvala\desktop\project4sub\coderepository\stringserver\debug\stringserver.tlog\cl.write.1.tlog
c:\users\sruthi guvvala\desktop\project4sub\coderepository\stringserver\debug\stringserver.tlog\link.command.1.tlog
c:\users\sruthi guvvala\desktop\project4sub\coderepository\stringserver\debug\stringserver.tlog\link.read.1.tlog
c:\users\sruthi guvvala\desktop\project4sub\coderepository\stringserver\debug\stringserver.tlog\link.write.1.tlog
