c:\users\martin\downloads\project4_draft1\project4_draft\xmldocument\debug\xmldocument.pdb
c:\users\martin\downloads\project4_draft1\project4_draft\xmldocument\debug\xmldocument.idb
c:\users\martin\downloads\project4_draft1\project4_draft\xmldocument\debug\tokenizer.obj
c:\users\martin\downloads\project4_draft1\project4_draft\xmldocument\debug\xmlelementparts.obj
c:\users\martin\downloads\project4_draft1\project4_draft\xmldocument\debug\xmlelement.obj
c:\users\martin\downloads\project4_draft1\project4_draft\xmldocument\debug\xmlparser.obj
c:\users\martin\downloads\project4_draft1\project4_draft\xmldocument\debug\xmldocument.obj
f:\ood_project4\project4_draft\xmldocument\debug\xmldocument.pdb
f:\ood_project4\project4_draft\xmldocument\debug\xmldocument.idb
f:\ood_project4\project4_draft\xmldocument\debug\tokenizer.obj
f:\ood_project4\project4_draft\xmldocument\debug\xmlelementparts.obj
f:\ood_project4\project4_draft\xmldocument\debug\xmlelement.obj
f:\ood_project4\project4_draft\xmldocument\debug\xmlparser.obj
f:\ood_project4\project4_draft\xmldocument\debug\xmldocument.obj
c:\users\martin\downloads\project4_draft1\project4_draft\debug\xmldocument.lib
f:\ood_project4\project4_draft\debug\xmldocument.lib
f:\ood_project4\project4_draft\xmldocument\debug\xmldocument.vcxprojresolveassemblyreference.cache
f:\ood_project4\project4_draft\debug\xmldocument.pdb
f:\ood_project4\project4_draft\xmldocument\debug\xmldocument.tlog\cl.command.1.tlog
f:\ood_project4\project4_draft\xmldocument\debug\xmldocument.tlog\cl.read.1.tlog
f:\ood_project4\project4_draft\xmldocument\debug\xmldocument.tlog\cl.write.1.tlog
f:\ood_project4\project4_draft\xmldocument\debug\xmldocument.tlog\lib-link.read.1.tlog
f:\ood_project4\project4_draft\xmldocument\debug\xmldocument.tlog\lib-link.write.1.tlog
f:\ood_project4\project4_draft\xmldocument\debug\xmldocument.tlog\lib.command.1.tlog
